<?xml version="1.0" encoding="UTF-8"?>
<!-- Generated by org.testng.reporters.JUnitReportReporter -->
<testsuite hostname="GS-3445" name="testcases.LoginTest" tests="2" failures="0" timestamp="30 Apr 2020 09:04:10 GMT" time="43.124" errors="0">
  <testcase name="test1" time="12.584" classname="testcases.LoginTest"/>
  <testcase name="test" time="30.540" classname="testcases.LoginTest"/>
</testsuite> <!-- testcases.LoginTest -->
